|--- feature_2 <= 0.66
|   |--- feature_0 <= 0.59
|   |   |--- feature_2 <= 0.49
|   |   |   |--- feature_0 <= 0.44
|   |   |   |   |--- feature_2 <= 0.33
|   |   |   |   |   |--- feature_0 <= 0.38
|   |   |   |   |   |   |--- feature_2 <= 0.19
|   |   |   |   |   |   |   |--- feature_0 <= 0.18
|   |   |   |   |   |   |   |   |--- class: 1
|   |   |   |   |   |   |   |--- feature_0 >  0.18
|   |   |   |   |   |   |   |   |--- class: 0
|   |   |   |   |   |   |--- feature_2 >  0.19
|   |   |   |   |   |   |   |--- feature_2 <= 0.27
|   |   |   |   |   |   |   |   |--- class: 1
|   |   |   |   |   |   |   |--- feature_2 >  0.27
|   |   |   |   |   |   |   |   |--- feature_1 <= 0.25
|   |   |   |   |   |   |   |   |   |--- feature_2 <= 0.30
|   |   |   |   |   |   |   |   |   |   |--- class: 0
|   |   |   |   |   |   |   |   |   |--- feature_2 >  0.30
|   |   |   |   |   |   |   |   |   |   |--- class: 1
|   |   |   |   |   |   |   |   |--- feature_1 >  0.25
|   |   |   |   |   |   |   |   |   |--- class: 1
|   |   |   |   |   |--- feature_0 >  0.38
|   |   |   |   |   |   |--- class: 0
|   |   |   |   |--- feature_2 >  0.33
|   |   |   |   |   |--- feature_6 <= 0.50
|   |   |   |   |   |   |--- feature_2 <= 0.41
|   |   |   |   |   |   |   |--- class: 1
|   |   |   |   |   |   |--- feature_2 >  0.41
|   |   |   |   |   |   |   |--- feature_2 <= 0.45
|   |   |   |   |   |   |   |   |--- feature_4 <= 0.50
|   |   |   |   |   |   |   |   |   |--- class: 0
|   |   |   |   |   |   |   |   |--- feature_4 >  0.50
|   |   |   |   |   |   |   |   |   |--- class: 1
|   |   |   |   |   |   |   |--- feature_2 >  0.45
|   |   |   |   |   |   |   |   |--- class: 1
|   |   |   |   |   |--- feature_6 >  0.50
|   |   |   |   |   |   |--- feature_8 <= 0.50
|   |   |   |   |   |   |   |--- class: 0
|   |   |   |   |   |   |--- feature_8 >  0.50
|   |   |   |   |   |   |   |--- class: 1
|   |   |   |--- feature_0 >  0.44
|   |   |   |   |--- feature_2 <= 0.44
|   |   |   |   |   |--- class: 0
|   |   |   |   |--- feature_2 >  0.44
|   |   |   |   |   |--- feature_0 <= 0.51
|   |   |   |   |   |   |--- feature_10 <= 0.50
|   |   |   |   |   |   |   |--- feature_4 <= 0.50
|   |   |   |   |   |   |   |   |--- class: 1
|   |   |   |   |   |   |   |--- feature_4 >  0.50
|   |   |   |   |   |   |   |   |--- feature_9 <= 0.50
|   |   |   |   |   |   |   |   |   |--- class: 0
|   |   |   |   |   |   |   |   |--- feature_9 >  0.50
|   |   |   |   |   |   |   |   |   |--- class: 1
|   |   |   |   |   |   |--- feature_10 >  0.50
|   |   |   |   |   |   |   |--- class: 0
|   |   |   |   |   |--- feature_0 >  0.51
|   |   |   |   |   |   |--- feature_1 <= 0.54
|   |   |   |   |   |   |   |--- feature_1 <= 0.39
|   |   |   |   |   |   |   |   |--- feature_4 <= 0.50
|   |   |   |   |   |   |   |   |   |--- class: 1
|   |   |   |   |   |   |   |   |--- feature_4 >  0.50
|   |   |   |   |   |   |   |   |   |--- class: 0
|   |   |   |   |   |   |   |--- feature_1 >  0.39
|   |   |   |   |   |   |   |   |--- class: 0
|   |   |   |   |   |   |--- feature_1 >  0.54
|   |   |   |   |   |   |   |--- class: 1
|   |   |--- feature_2 >  0.49
|   |   |   |--- feature_2 <= 0.56
|   |   |   |   |--- feature_0 <= 0.53
|   |   |   |   |   |--- feature_0 <= 0.50
|   |   |   |   |   |   |--- feature_2 <= 0.55
|   |   |   |   |   |   |   |--- class: 1
|   |   |   |   |   |   |--- feature_2 >  0.55
|   |   |   |   |   |   |   |--- feature_3 <= 0.50
|   |   |   |   |   |   |   |   |--- class: 1
|   |   |   |   |   |   |   |--- feature_3 >  0.50
|   |   |   |   |   |   |   |   |--- class: 0
|   |   |   |   |   |--- feature_0 >  0.50
|   |   |   |   |   |   |--- feature_2 <= 0.51
|   |   |   |   |   |   |   |--- class: 0
|   |   |   |   |   |   |--- feature_2 >  0.51
|   |   |   |   |   |   |   |--- feature_0 <= 0.51
|   |   |   |   |   |   |   |   |--- class: 0
|   |   |   |   |   |   |   |--- feature_0 >  0.51
|   |   |   |   |   |   |   |   |--- class: 1
|   |   |   |   |--- feature_0 >  0.53
|   |   |   |   |   |--- feature_7 <= 0.50
|   |   |   |   |   |   |--- feature_9 <= 0.50
|   |   |   |   |   |   |   |--- class: 0
|   |   |   |   |   |   |--- feature_9 >  0.50
|   |   |   |   |   |   |   |--- feature_10 <= 0.50
|   |   |   |   |   |   |   |   |--- feature_1 <= 0.51
|   |   |   |   |   |   |   |   |   |--- class: 1
|   |   |   |   |   |   |   |   |--- feature_1 >  0.51
|   |   |   |   |   |   |   |   |   |--- feature_0 <= 0.56
|   |   |   |   |   |   |   |   |   |   |--- class: 1
|   |   |   |   |   |   |   |   |   |--- feature_0 >  0.56
|   |   |   |   |   |   |   |   |   |   |--- class: 0
|   |   |   |   |   |   |   |--- feature_10 >  0.50
|   |   |   |   |   |   |   |   |--- class: 0
|   |   |   |   |   |--- feature_7 >  0.50
|   |   |   |   |   |   |--- class: 1
|   |   |   |--- feature_2 >  0.56
|   |   |   |   |--- feature_0 <= 0.58
|   |   |   |   |   |--- class: 1
|   |   |   |   |--- feature_0 >  0.58
|   |   |   |   |   |--- feature_9 <= 0.50
|   |   |   |   |   |   |--- feature_6 <= 0.50
|   |   |   |   |   |   |   |--- feature_10 <= 0.50
|   |   |   |   |   |   |   |   |--- class: 1
|   |   |   |   |   |   |   |--- feature_10 >  0.50
|   |   |   |   |   |   |   |   |--- class: 0
|   |   |   |   |   |   |--- feature_6 >  0.50
|   |   |   |   |   |   |   |--- class: 0
|   |   |   |   |   |--- feature_9 >  0.50
|   |   |   |   |   |   |--- class: 1
|   |--- feature_0 >  0.59
|   |   |--- feature_0 <= 0.67
|   |   |   |--- feature_2 <= 0.57
|   |   |   |   |--- feature_2 <= 0.56
|   |   |   |   |   |--- class: 0
|   |   |   |   |--- feature_2 >  0.56
|   |   |   |   |   |--- feature_4 <= 0.50
|   |   |   |   |   |   |--- class: 0
|   |   |   |   |   |--- feature_4 >  0.50
|   |   |   |   |   |   |--- class: 1
|   |   |   |--- feature_2 >  0.57
|   |   |   |   |--- feature_10 <= 0.50
|   |   |   |   |   |--- feature_3 <= 0.50
|   |   |   |   |   |   |--- feature_6 <= 0.50
|   |   |   |   |   |   |   |--- feature_1 <= 0.54
|   |   |   |   |   |   |   |   |--- feature_7 <= 0.50
|   |   |   |   |   |   |   |   |   |--- class: 0
|   |   |   |   |   |   |   |   |--- feature_7 >  0.50
|   |   |   |   |   |   |   |   |   |--- class: 1
|   |   |   |   |   |   |   |--- feature_1 >  0.54
|   |   |   |   |   |   |   |   |--- class: 1
|   |   |   |   |   |   |--- feature_6 >  0.50
|   |   |   |   |   |   |   |--- feature_8 <= 0.50
|   |   |   |   |   |   |   |   |--- feature_1 <= 0.61
|   |   |   |   |   |   |   |   |   |--- class: 1
|   |   |   |   |   |   |   |   |--- feature_1 >  0.61
|   |   |   |   |   |   |   |   |   |--- class: 0
|   |   |   |   |   |   |   |--- feature_8 >  0.50
|   |   |   |   |   |   |   |   |--- class: 0
|   |   |   |   |   |--- feature_3 >  0.50
|   |   |   |   |   |   |--- class: 0
|   |   |   |   |--- feature_10 >  0.50
|   |   |   |   |   |--- class: 0
|   |   |--- feature_0 >  0.67
|   |   |   |--- feature_0 <= 0.69
|   |   |   |   |--- feature_1 <= 0.69
|   |   |   |   |   |--- feature_2 <= 0.65
|   |   |   |   |   |   |--- feature_7 <= 0.50
|   |   |   |   |   |   |   |--- class: 0
|   |   |   |   |   |   |--- feature_7 >  0.50
|   |   |   |   |   |   |   |--- feature_2 <= 0.62
|   |   |   |   |   |   |   |   |--- class: 0
|   |   |   |   |   |   |   |--- feature_2 >  0.62
|   |   |   |   |   |   |   |   |--- class: 1
|   |   |   |   |   |--- feature_2 >  0.65
|   |   |   |   |   |   |--- class: 1
|   |   |   |   |--- feature_1 >  0.69
|   |   |   |   |   |--- class: 1
|   |   |   |--- feature_0 >  0.69
|   |   |   |   |--- class: 0
|--- feature_2 >  0.66
|   |--- feature_0 <= 0.77
|   |   |--- feature_2 <= 0.73
|   |   |   |--- feature_0 <= 0.69
|   |   |   |   |--- feature_0 <= 0.67
|   |   |   |   |   |--- feature_6 <= 0.50
|   |   |   |   |   |   |--- class: 1
|   |   |   |   |   |--- feature_6 >  0.50
|   |   |   |   |   |   |--- feature_1 <= 0.72
|   |   |   |   |   |   |   |--- feature_8 <= 0.50
|   |   |   |   |   |   |   |   |--- class: 1
|   |   |   |   |   |   |   |--- feature_8 >  0.50
|   |   |   |   |   |   |   |   |--- feature_0 <= 0.62
|   |   |   |   |   |   |   |   |   |--- feature_0 <= 0.59
|   |   |   |   |   |   |   |   |   |   |--- class: 1
|   |   |   |   |   |   |   |   |   |--- feature_0 >  0.59
|   |   |   |   |   |   |   |   |   |   |--- class: 0
|   |   |   |   |   |   |   |   |--- feature_0 >  0.62
|   |   |   |   |   |   |   |   |   |--- class: 1
|   |   |   |   |   |   |--- feature_1 >  0.72
|   |   |   |   |   |   |   |--- class: 0
|   |   |   |   |--- feature_0 >  0.67
|   |   |   |   |   |--- feature_2 <= 0.67
|   |   |   |   |   |   |--- class: 0
|   |   |   |   |   |--- feature_2 >  0.67
|   |   |   |   |   |   |--- feature_6 <= 0.50
|   |   |   |   |   |   |   |--- class: 1
|   |   |   |   |   |   |--- feature_6 >  0.50
|   |   |   |   |   |   |   |--- feature_1 <= 0.67
|   |   |   |   |   |   |   |   |--- class: 1
|   |   |   |   |   |   |   |--- feature_1 >  0.67
|   |   |   |   |   |   |   |   |--- feature_11 <= 0.50
|   |   |   |   |   |   |   |   |   |--- class: 0
|   |   |   |   |   |   |   |   |--- feature_11 >  0.50
|   |   |   |   |   |   |   |   |   |--- feature_2 <= 0.69
|   |   |   |   |   |   |   |   |   |   |--- class: 0
|   |   |   |   |   |   |   |   |   |--- feature_2 >  0.69
|   |   |   |   |   |   |   |   |   |   |--- class: 1
|   |   |   |--- feature_0 >  0.69
|   |   |   |   |--- feature_7 <= 0.50
|   |   |   |   |   |--- feature_9 <= 0.50
|   |   |   |   |   |   |--- class: 0
|   |   |   |   |   |--- feature_9 >  0.50
|   |   |   |   |   |   |--- feature_1 <= 0.67
|   |   |   |   |   |   |   |--- feature_6 <= 0.50
|   |   |   |   |   |   |   |   |--- class: 1
|   |   |   |   |   |   |   |--- feature_6 >  0.50
|   |   |   |   |   |   |   |   |--- feature_2 <= 0.71
|   |   |   |   |   |   |   |   |   |--- class: 0
|   |   |   |   |   |   |   |   |--- feature_2 >  0.71
|   |   |   |   |   |   |   |   |   |--- feature_0 <= 0.72
|   |   |   |   |   |   |   |   |   |   |--- class: 1
|   |   |   |   |   |   |   |   |   |--- feature_0 >  0.72
|   |   |   |   |   |   |   |   |   |   |--- class: 0
|   |   |   |   |   |   |--- feature_1 >  0.67
|   |   |   |   |   |   |   |--- feature_0 <= 0.76
|   |   |   |   |   |   |   |   |--- feature_2 <= 0.72
|   |   |   |   |   |   |   |   |   |--- feature_0 <= 0.75
|   |   |   |   |   |   |   |   |   |   |--- class: 0
|   |   |   |   |   |   |   |   |   |--- feature_0 >  0.75
|   |   |   |   |   |   |   |   |   |   |--- class: 0
|   |   |   |   |   |   |   |   |--- feature_2 >  0.72
|   |   |   |   |   |   |   |   |   |--- feature_1 <= 0.75
|   |   |   |   |   |   |   |   |   |   |--- class: 0
|   |   |   |   |   |   |   |   |   |--- feature_1 >  0.75
|   |   |   |   |   |   |   |   |   |   |--- class: 1
|   |   |   |   |   |   |   |--- feature_0 >  0.76
|   |   |   |   |   |   |   |   |--- class: 1
|   |   |   |   |--- feature_7 >  0.50
|   |   |   |   |   |--- feature_1 <= 0.67
|   |   |   |   |   |   |--- feature_2 <= 0.68
|   |   |   |   |   |   |   |--- feature_0 <= 0.70
|   |   |   |   |   |   |   |   |--- class: 0
|   |   |   |   |   |   |   |--- feature_0 >  0.70
|   |   |   |   |   |   |   |   |--- class: 1
|   |   |   |   |   |   |--- feature_2 >  0.68
|   |   |   |   |   |   |   |--- class: 0
|   |   |   |   |   |--- feature_1 >  0.67
|   |   |   |   |   |   |--- class: 1
|   |   |--- feature_2 >  0.73
|   |   |   |--- feature_1 <= 0.66
|   |   |   |   |--- feature_11 <= 0.50
|   |   |   |   |   |--- feature_0 <= 0.68
|   |   |   |   |   |   |--- class: 1
|   |   |   |   |   |--- feature_0 >  0.68
|   |   |   |   |   |   |--- class: 0
|   |   |   |   |--- feature_11 >  0.50
|   |   |   |   |   |--- class: 1
|   |   |   |--- feature_1 >  0.66
|   |   |   |   |--- feature_0 <= 0.75
|   |   |   |   |   |--- class: 1
|   |   |   |   |--- feature_0 >  0.75
|   |   |   |   |   |--- feature_2 <= 0.77
|   |   |   |   |   |   |--- class: 0
|   |   |   |   |   |--- feature_2 >  0.77
|   |   |   |   |   |   |--- class: 1
|   |--- feature_0 >  0.77
|   |   |--- feature_2 <= 0.87
|   |   |   |--- feature_2 <= 0.76
|   |   |   |   |--- feature_4 <= 0.50
|   |   |   |   |   |--- class: 0
|   |   |   |   |--- feature_4 >  0.50
|   |   |   |   |   |--- feature_2 <= 0.74
|   |   |   |   |   |   |--- class: 0
|   |   |   |   |   |--- feature_2 >  0.74
|   |   |   |   |   |   |--- feature_2 <= 0.75
|   |   |   |   |   |   |   |--- class: 1
|   |   |   |   |   |   |--- feature_2 >  0.75
|   |   |   |   |   |   |   |--- class: 0
|   |   |   |--- feature_2 >  0.76
|   |   |   |   |--- feature_10 <= 0.50
|   |   |   |   |   |--- feature_0 <= 0.83
|   |   |   |   |   |   |--- feature_2 <= 0.82
|   |   |   |   |   |   |   |--- class: 1
|   |   |   |   |   |   |--- feature_2 >  0.82
|   |   |   |   |   |   |   |--- class: 0
|   |   |   |   |   |--- feature_0 >  0.83
|   |   |   |   |   |   |--- feature_1 <= 0.89
|   |   |   |   |   |   |   |--- feature_5 <= 0.50
|   |   |   |   |   |   |   |   |--- class: 0
|   |   |   |   |   |   |   |--- feature_5 >  0.50
|   |   |   |   |   |   |   |   |--- feature_1 <= 0.80
|   |   |   |   |   |   |   |   |   |--- class: 0
|   |   |   |   |   |   |   |   |--- feature_1 >  0.80
|   |   |   |   |   |   |   |   |   |--- feature_1 <= 0.84
|   |   |   |   |   |   |   |   |   |   |--- class: 1
|   |   |   |   |   |   |   |   |   |--- feature_1 >  0.84
|   |   |   |   |   |   |   |   |   |   |--- class: 0
|   |   |   |   |   |   |--- feature_1 >  0.89
|   |   |   |   |   |   |   |--- class: 1
|   |   |   |   |--- feature_10 >  0.50
|   |   |   |   |   |--- feature_7 <= 0.50
|   |   |   |   |   |   |--- feature_1 <= 0.89
|   |   |   |   |   |   |   |--- class: 0
|   |   |   |   |   |   |--- feature_1 >  0.89
|   |   |   |   |   |   |   |--- feature_3 <= 0.50
|   |   |   |   |   |   |   |   |--- class: 1
|   |   |   |   |   |   |   |--- feature_3 >  0.50
|   |   |   |   |   |   |   |   |--- class: 0
|   |   |   |   |   |--- feature_7 >  0.50
|   |   |   |   |   |   |--- feature_0 <= 0.84
|   |   |   |   |   |   |   |--- feature_2 <= 0.79
|   |   |   |   |   |   |   |   |--- class: 0
|   |   |   |   |   |   |   |--- feature_2 >  0.79
|   |   |   |   |   |   |   |   |--- class: 1
|   |   |   |   |   |   |--- feature_0 >  0.84
|   |   |   |   |   |   |   |--- class: 0
|   |   |--- feature_2 >  0.87
|   |   |   |--- feature_2 <= 0.92
|   |   |   |   |--- feature_0 <= 0.91
|   |   |   |   |   |--- feature_9 <= 0.50
|   |   |   |   |   |   |--- class: 0
|   |   |   |   |   |--- feature_9 >  0.50
|   |   |   |   |   |   |--- feature_1 <= 0.81
|   |   |   |   |   |   |   |--- feature_0 <= 0.82
|   |   |   |   |   |   |   |   |--- class: 1
|   |   |   |   |   |   |   |--- feature_0 >  0.82
|   |   |   |   |   |   |   |   |--- class: 0
|   |   |   |   |   |   |--- feature_1 >  0.81
|   |   |   |   |   |   |   |--- class: 1
|   |   |   |   |--- feature_0 >  0.91
|   |   |   |   |   |--- feature_7 <= 0.50
|   |   |   |   |   |   |--- feature_2 <= 0.91
|   |   |   |   |   |   |   |--- class: 0
|   |   |   |   |   |   |--- feature_2 >  0.91
|   |   |   |   |   |   |   |--- feature_0 <= 0.93
|   |   |   |   |   |   |   |   |--- class: 0
|   |   |   |   |   |   |   |--- feature_0 >  0.93
|   |   |   |   |   |   |   |   |--- class: 1
|   |   |   |   |   |--- feature_7 >  0.50
|   |   |   |   |   |   |--- class: 1
|   |   |   |--- feature_2 >  0.92
|   |   |   |   |--- feature_0 <= 1.00
|   |   |   |   |   |--- feature_1 <= 0.99
|   |   |   |   |   |   |--- class: 1
|   |   |   |   |   |--- feature_1 >  0.99
|   |   |   |   |   |   |--- feature_0 <= 0.88
|   |   |   |   |   |   |   |--- feature_6 <= 0.50
|   |   |   |   |   |   |   |   |--- class: 0
|   |   |   |   |   |   |   |--- feature_6 >  0.50
|   |   |   |   |   |   |   |   |--- class: 1
|   |   |   |   |   |   |--- feature_0 >  0.88
|   |   |   |   |   |   |   |--- class: 1
|   |   |   |   |--- feature_0 >  1.00
|   |   |   |   |   |--- feature_11 <= 0.50
|   |   |   |   |   |   |--- class: 0
|   |   |   |   |   |--- feature_11 >  0.50
|   |   |   |   |   |   |--- class: 1
